[14:41:13] [Client thread/INFO] [JMLogger] JourneyMap log initialized.
[14:41:13] [Client thread/INFO] [JourneyMap] ensureCurrent ENTER
[14:41:14] [Client thread/INFO] [PropertiesBase] Loaded CoreProperties from C:\Users\jerry_000\AppData\Roaming\.technic\modpacks\jerryczz-pack\journeymap\config\5.0\journeymap.core.config
[14:41:14] [Client thread/INFO] [PropertiesBase] Loaded FullMapProperties from C:\Users\jerry_000\AppData\Roaming\.technic\modpacks\jerryczz-pack\journeymap\config\5.0\journeymap.fullmap.config
[14:41:14] [Client thread/INFO] [PropertiesBase] Loaded MiniMapProperties from C:\Users\jerry_000\AppData\Roaming\.technic\modpacks\jerryczz-pack\journeymap\config\5.0\journeymap.minimap.config
[14:41:14] [Client thread/INFO] [PropertiesBase] Loaded MiniMapProperties2 from C:\Users\jerry_000\AppData\Roaming\.technic\modpacks\jerryczz-pack\journeymap\config\5.0\journeymap.minimap2.config
[14:41:14] [Client thread/INFO] [PropertiesBase] Loaded WebMapProperties from C:\Users\jerry_000\AppData\Roaming\.technic\modpacks\jerryczz-pack\journeymap\config\5.0\journeymap.webmap.config
[14:41:14] [Client thread/INFO] [PropertiesBase] Loaded WaypointProperties from C:\Users\jerry_000\AppData\Roaming\.technic\modpacks\jerryczz-pack\journeymap\config\5.0\journeymap.waypoint.config
[14:41:14] [Client thread/INFO] [?] Version: JourneyMap 5.0.1 Unlimited, built with Forge 10.13.0.1208
Forge: 10.13.2.1232
Environment: os.name, os.arch, java.version, user.country, user.language=null, game language=en_US, locale=en_us
Unlimited Features: 
	RadarPlayers : singleplayer = true , multiplayer = true
	RadarAnimals : singleplayer = true , multiplayer = true
	RadarMobs : singleplayer = true , multiplayer = true
	RadarVillagers : singleplayer = true , multiplayer = true
	MapCaves : singleplayer = true , multiplayer = true
MiniMapProperties{entityIconSetName=2D, showAnimals=true, showMobs=true, showPets=true, showPlayers=true, showSelf=true, showVillagers=true, showWaypoints=true, zoomLevel=0, fontScale=2, locationFormat=xzyv, locationFormatVerbose=true, showCaves=true, showWaypointLabels=true, showMobHeading=true, showPlayerHeading=true, textureSmall=true, active=true, compassFontScale=1, enabled=true, frameAlpha=100, name=minimap, orientation=My Heading, position=Top Right, preferredMapType=day, reticleOrientation=Compass, shape=Circle, showBiome=true, showCompass=true, showFps=true, showLocation=true, showReticle=true, sizePercent=30, terrainAlpha=100}
MiniMapProperties2{enabled=true, shape=Rectangle, position=Top Center, showFps=false, showBiome=true, showLocation=true, showWaypointLabels=true, sizePercent=30, frameAlpha=60, terrainAlpha=60, orientation=My Heading, compassFontScale=1, showCompass=true, showReticle=true, reticleOrientation=Compass, preferredMapType=night, name=minimap2, id=2}
FullMapProperties{entityIconSetName=2D, showAnimals=true, showMobs=true, showPets=true, showPlayers=true, showSelf=true, showVillagers=true, showWaypoints=true, zoomLevel=2, fontScale=1, locationFormat=xzyv, locationFormatVerbose=true, showCaves=false, showWaypointLabels=true, showMobHeading=true, showPlayerHeading=true, textureSmall=true, preferredMapType=day, showGrid=false}
WaypointProperties{autoHideLabel=true, beaconEnabled=true, boldLabel=false, createDeathpoints=true, fontScale=2, managerEnabled=true, maxDistance=0, name=waypoint, showDistance=true, showName=true, showRotatingBeam=true, showStaticBeam=true, showTexture=true, textureSmall=true}
WebMapProperties: , enabled=false, port=8080, showMobs=true, showAnimals=true, showVillagers=true, showPets=true, showPlayers=true, showWaypoints=true, entityIconSetName=2D
CoreProperties{announceMod=true, autoMapPoll=2000, browserPoll=2000, cacheAnimalsData=3100, cacheMobsData=3000, cachePlayerData=1000, cachePlayersData=2000, cacheVillagersData=2200, caveIgnoreGlass=true, checkUpdates=true, chunkOffset=8, chunkPoll=2000, hideSneakingEntities=true, logLevel=INFO, mapAntialiasing=true, mapBathymetry=false, mapCaveLighting=true, mapCrops=true, mapPlants=false, mapPlantShadows=false, mapSurfaceAboveCaves=true, mapTransparency=true, maxAnimalsData=32, maxMobsData=32, maxPlayersData=32, maxVillagersData=32, optionsManagerUsed=true, radarLateralDistance=64, radarVerticalDistance=16, recordCacheStats=false, renderOverlayEventTypeName=ALL, renderOverlayPreEvent=true, themeName=Victorian}
[14:41:14] [Client thread/INFO] [JourneyMap] ensureCurrent EXIT, elapsed time: 594,1ms
[14:41:39] [Client thread/INFO] [JourneyMap] postInitialize ENTER
[14:41:39] [Client thread/INFO] [WorldInfoHandler] Registered channel: world_info
[14:41:40] [Client thread/INFO] [IconSetFileHandler] Initializing icon sets...
[14:41:40] [Client thread/INFO] [JourneyMap] postInitialize EXIT, elapsed time: 1172,1ms
